<?xml version="1.0" encoding="UTF-8"?>
<testsuite name="com.example.project.StudentTest" tests="7" skipped="0" failures="0" errors="0" timestamp="2024-10-01T15:38:54" hostname="codespaces-0d1741" time="0.045">
  <properties/>
  <testcase name="testIsPassing()" classname="com.example.project.StudentTest" time="0.021"/>
  <testcase name="testGetLastName()" classname="com.example.project.StudentTest" time="0.002"/>
  <testcase name="testGetFirstName()" classname="com.example.project.StudentTest" time="0.003"/>
  <testcase name="testSAddTestScore()" classname="com.example.project.StudentTest" time="0.003"/>
  <testcase name="testGetHighestTestScore()" classname="com.example.project.StudentTest" time="0.001"/>
  <testcase name="testSetGradYear()" classname="com.example.project.StudentTest" time="0.0"/>
  <testcase name="testAverageTestScore()" classname="com.example.project.StudentTest" time="0.001"/>
  <system-out><![CDATA[]]></system-out>
  <system-err><![CDATA[]]></system-err>
</testsuite>
